2025-11-29T23:18:30,236 - CPUUtilization.Percent:100.0|#Level:Host|#hostname:BOOK-IOJVF0CD47,timestamp:1764425910
2025-11-29T23:18:30,238 - DiskAvailable.Gigabytes:927.9459457397461|#Level:Host|#hostname:BOOK-IOJVF0CD47,timestamp:1764425910
2025-11-29T23:18:30,238 - DiskUsage.Gigabytes:27.692363739013672|#Level:Host|#hostname:BOOK-IOJVF0CD47,timestamp:1764425910
2025-11-29T23:18:30,239 - DiskUtilization.Percent:2.9|#Level:Host|#hostname:BOOK-IOJVF0CD47,timestamp:1764425910
2025-11-29T23:18:30,240 - MemoryAvailable.Megabytes:11149.71875|#Level:Host|#hostname:BOOK-IOJVF0CD47,timestamp:1764425910
2025-11-29T23:18:30,240 - MemoryUsed.Megabytes:4594.49609375|#Level:Host|#hostname:BOOK-IOJVF0CD47,timestamp:1764425910
2025-11-29T23:18:30,242 - MemoryUtilization.Percent:29.2|#Level:Host|#hostname:BOOK-IOJVF0CD47,timestamp:1764425910
2025-11-29T23:18:31,088 - WorkerLoadTime.Milliseconds:1361.0|#WorkerName:W-9003-wine_l2_1.0,Level:Host|#hostname:BOOK-IOJVF0CD47,timestamp:1764425911
2025-11-29T23:18:31,088 - WorkerLoadTime.Milliseconds:1373.0|#WorkerName:W-9000-wine_l1_1.0,Level:Host|#hostname:BOOK-IOJVF0CD47,timestamp:1764425911
2025-11-29T23:18:31,088 - WorkerLoadTime.Milliseconds:1372.0|#WorkerName:W-9001-wine_l1_1.0,Level:Host|#hostname:BOOK-IOJVF0CD47,timestamp:1764425911
2025-11-29T23:18:31,088 - WorkerThreadTime.Milliseconds:4.0|#Level:Host|#hostname:BOOK-IOJVF0CD47,timestamp:1764425911
2025-11-29T23:18:31,088 - WorkerThreadTime.Milliseconds:8.0|#Level:Host|#hostname:BOOK-IOJVF0CD47,timestamp:1764425911
2025-11-29T23:18:31,089 - WorkerThreadTime.Milliseconds:4.0|#Level:Host|#hostname:BOOK-IOJVF0CD47,timestamp:1764425911
2025-11-29T23:18:31,089 - WorkerLoadTime.Milliseconds:1363.0|#WorkerName:W-9002-wine_l2_1.0,Level:Host|#hostname:BOOK-IOJVF0CD47,timestamp:1764425911
2025-11-29T23:18:31,090 - WorkerThreadTime.Milliseconds:3.0|#Level:Host|#hostname:BOOK-IOJVF0CD47,timestamp:1764425911
2025-11-29T23:18:44,546 - Requests4XX.Count:1.0|#Level:Host|#hostname:BOOK-IOJVF0CD47,timestamp:1764425924
2025-11-29T23:18:57,859 - Requests4XX.Count:1.0|#Level:Host|#hostname:BOOK-IOJVF0CD47,timestamp:1764425937
2025-11-29T23:19:30,153 - CPUUtilization.Percent:33.3|#Level:Host|#hostname:BOOK-IOJVF0CD47,timestamp:1764425970
2025-11-29T23:19:30,153 - DiskAvailable.Gigabytes:927.9458312988281|#Level:Host|#hostname:BOOK-IOJVF0CD47,timestamp:1764425970
2025-11-29T23:19:30,153 - DiskUsage.Gigabytes:27.69247817993164|#Level:Host|#hostname:BOOK-IOJVF0CD47,timestamp:1764425970
2025-11-29T23:19:30,153 - DiskUtilization.Percent:2.9|#Level:Host|#hostname:BOOK-IOJVF0CD47,timestamp:1764425970
2025-11-29T23:19:30,153 - MemoryAvailable.Megabytes:10713.08203125|#Level:Host|#hostname:BOOK-IOJVF0CD47,timestamp:1764425970
2025-11-29T23:19:30,153 - MemoryUsed.Megabytes:5031.1328125|#Level:Host|#hostname:BOOK-IOJVF0CD47,timestamp:1764425970
2025-11-29T23:19:30,153 - MemoryUtilization.Percent:32.0|#Level:Host|#hostname:BOOK-IOJVF0CD47,timestamp:1764425970
2025-11-29T23:20:30,154 - CPUUtilization.Percent:0.0|#Level:Host|#hostname:BOOK-IOJVF0CD47,timestamp:1764426030
2025-11-29T23:20:30,155 - DiskAvailable.Gigabytes:927.9458274841309|#Level:Host|#hostname:BOOK-IOJVF0CD47,timestamp:1764426030
2025-11-29T23:20:30,155 - DiskUsage.Gigabytes:27.692481994628906|#Level:Host|#hostname:BOOK-IOJVF0CD47,timestamp:1764426030
2025-11-29T23:20:30,155 - DiskUtilization.Percent:2.9|#Level:Host|#hostname:BOOK-IOJVF0CD47,timestamp:1764426030
2025-11-29T23:20:30,156 - MemoryAvailable.Megabytes:10716.41015625|#Level:Host|#hostname:BOOK-IOJVF0CD47,timestamp:1764426030
2025-11-29T23:20:30,156 - MemoryUsed.Megabytes:5027.8046875|#Level:Host|#hostname:BOOK-IOJVF0CD47,timestamp:1764426030
2025-11-29T23:20:30,156 - MemoryUtilization.Percent:31.9|#Level:Host|#hostname:BOOK-IOJVF0CD47,timestamp:1764426030
2025-11-29T23:21:30,153 - CPUUtilization.Percent:0.0|#Level:Host|#hostname:BOOK-IOJVF0CD47,timestamp:1764426090
2025-11-29T23:21:30,153 - DiskAvailable.Gigabytes:927.9458236694336|#Level:Host|#hostname:BOOK-IOJVF0CD47,timestamp:1764426090
2025-11-29T23:21:30,153 - DiskUsage.Gigabytes:27.692485809326172|#Level:Host|#hostname:BOOK-IOJVF0CD47,timestamp:1764426090
2025-11-29T23:21:30,154 - DiskUtilization.Percent:2.9|#Level:Host|#hostname:BOOK-IOJVF0CD47,timestamp:1764426090
2025-11-29T23:21:30,154 - MemoryAvailable.Megabytes:10791.10546875|#Level:Host|#hostname:BOOK-IOJVF0CD47,timestamp:1764426090
2025-11-29T23:21:30,154 - MemoryUsed.Megabytes:4953.109375|#Level:Host|#hostname:BOOK-IOJVF0CD47,timestamp:1764426090
2025-11-29T23:21:30,154 - MemoryUtilization.Percent:31.5|#Level:Host|#hostname:BOOK-IOJVF0CD47,timestamp:1764426090
2025-11-29T23:22:06,728 - CPUUtilization.Percent:66.7|#Level:Host|#hostname:BOOK-IOJVF0CD47,timestamp:1764426126
2025-11-29T23:22:06,728 - DiskAvailable.Gigabytes:927.9457969665527|#Level:Host|#hostname:BOOK-IOJVF0CD47,timestamp:1764426126
2025-11-29T23:22:06,728 - DiskUsage.Gigabytes:27.69251251220703|#Level:Host|#hostname:BOOK-IOJVF0CD47,timestamp:1764426126
2025-11-29T23:22:06,729 - DiskUtilization.Percent:2.9|#Level:Host|#hostname:BOOK-IOJVF0CD47,timestamp:1764426126
2025-11-29T23:22:06,730 - MemoryAvailable.Megabytes:11147.2265625|#Level:Host|#hostname:BOOK-IOJVF0CD47,timestamp:1764426126
2025-11-29T23:22:06,730 - MemoryUsed.Megabytes:4596.98828125|#Level:Host|#hostname:BOOK-IOJVF0CD47,timestamp:1764426126
2025-11-29T23:22:06,730 - MemoryUtilization.Percent:29.2|#Level:Host|#hostname:BOOK-IOJVF0CD47,timestamp:1764426126
2025-11-29T23:22:07,504 - WorkerLoadTime.Milliseconds:1267.0|#WorkerName:W-9002-wine_l2_1.0,Level:Host|#hostname:BOOK-IOJVF0CD47,timestamp:1764426127
2025-11-29T23:22:07,504 - WorkerLoadTime.Milliseconds:1274.0|#WorkerName:W-9000-wine_l1_1.0,Level:Host|#hostname:BOOK-IOJVF0CD47,timestamp:1764426127
2025-11-29T23:22:07,505 - WorkerThreadTime.Milliseconds:8.0|#Level:Host|#hostname:BOOK-IOJVF0CD47,timestamp:1764426127
2025-11-29T23:22:07,505 - WorkerThreadTime.Milliseconds:7.0|#Level:Host|#hostname:BOOK-IOJVF0CD47,timestamp:1764426127
2025-11-29T23:22:07,505 - WorkerLoadTime.Milliseconds:1267.0|#WorkerName:W-9003-wine_l2_1.0,Level:Host|#hostname:BOOK-IOJVF0CD47,timestamp:1764426127
2025-11-29T23:22:07,505 - WorkerThreadTime.Milliseconds:7.0|#Level:Host|#hostname:BOOK-IOJVF0CD47,timestamp:1764426127
2025-11-29T23:22:07,507 - WorkerLoadTime.Milliseconds:1275.0|#WorkerName:W-9001-wine_l1_1.0,Level:Host|#hostname:BOOK-IOJVF0CD47,timestamp:1764426127
2025-11-29T23:22:07,507 - WorkerThreadTime.Milliseconds:0.0|#Level:Host|#hostname:BOOK-IOJVF0CD47,timestamp:1764426127
2025-11-29T23:22:23,633 - ts_inference_requests_total.Count:1.0|#model_name:wine_l1,model_version:default|#hostname:BOOK-IOJVF0CD47,timestamp:1764426143
2025-11-29T23:22:23,648 - Requests2XX.Count:1.0|#Level:Host|#hostname:BOOK-IOJVF0CD47,timestamp:1764426143
2025-11-29T23:22:23,648 - ts_inference_latency_microseconds.Microseconds:13593.022|#model_name:wine_l1,model_version:default|#hostname:BOOK-IOJVF0CD47,timestamp:1764426143
2025-11-29T23:22:23,648 - ts_queue_latency_microseconds.Microseconds:213.958|#model_name:wine_l1,model_version:default|#hostname:BOOK-IOJVF0CD47,timestamp:1764426143
2025-11-29T23:22:23,649 - QueueTime.Milliseconds:0.0|#Level:Host|#hostname:BOOK-IOJVF0CD47,timestamp:1764426143
2025-11-29T23:22:23,649 - WorkerThreadTime.Milliseconds:2.0|#Level:Host|#hostname:BOOK-IOJVF0CD47,timestamp:1764426143
2025-11-29T23:22:26,998 - ts_inference_requests_total.Count:1.0|#model_name:wine_l2,model_version:default|#hostname:BOOK-IOJVF0CD47,timestamp:1764426146
2025-11-29T23:22:27,002 - Requests2XX.Count:1.0|#Level:Host|#hostname:BOOK-IOJVF0CD47,timestamp:1764426147
2025-11-29T23:22:27,002 - ts_inference_latency_microseconds.Microseconds:2910.305|#model_name:wine_l2,model_version:default|#hostname:BOOK-IOJVF0CD47,timestamp:1764426147
2025-11-29T23:22:27,002 - ts_queue_latency_microseconds.Microseconds:99.022|#model_name:wine_l2,model_version:default|#hostname:BOOK-IOJVF0CD47,timestamp:1764426147
2025-11-29T23:22:27,002 - QueueTime.Milliseconds:0.0|#Level:Host|#hostname:BOOK-IOJVF0CD47,timestamp:1764426147
2025-11-29T23:22:27,003 - WorkerThreadTime.Milliseconds:1.0|#Level:Host|#hostname:BOOK-IOJVF0CD47,timestamp:1764426147
2025-11-29T23:23:06,698 - CPUUtilization.Percent:0.0|#Level:Host|#hostname:BOOK-IOJVF0CD47,timestamp:1764426186
2025-11-29T23:23:06,699 - DiskAvailable.Gigabytes:927.9455413818359|#Level:Host|#hostname:BOOK-IOJVF0CD47,timestamp:1764426186
2025-11-29T23:23:06,699 - DiskUsage.Gigabytes:27.692768096923828|#Level:Host|#hostname:BOOK-IOJVF0CD47,timestamp:1764426186
2025-11-29T23:23:06,699 - DiskUtilization.Percent:2.9|#Level:Host|#hostname:BOOK-IOJVF0CD47,timestamp:1764426186
2025-11-29T23:23:06,699 - MemoryAvailable.Megabytes:10731.6328125|#Level:Host|#hostname:BOOK-IOJVF0CD47,timestamp:1764426186
2025-11-29T23:23:06,699 - MemoryUsed.Megabytes:5012.58203125|#Level:Host|#hostname:BOOK-IOJVF0CD47,timestamp:1764426186
2025-11-29T23:23:06,699 - MemoryUtilization.Percent:31.8|#Level:Host|#hostname:BOOK-IOJVF0CD47,timestamp:1764426186
2025-11-29T23:24:06,696 - CPUUtilization.Percent:50.0|#Level:Host|#hostname:BOOK-IOJVF0CD47,timestamp:1764426246
2025-11-29T23:24:06,697 - DiskAvailable.Gigabytes:927.9453125|#Level:Host|#hostname:BOOK-IOJVF0CD47,timestamp:1764426246
2025-11-29T23:24:06,697 - DiskUsage.Gigabytes:27.692996978759766|#Level:Host|#hostname:BOOK-IOJVF0CD47,timestamp:1764426246
2025-11-29T23:24:06,697 - DiskUtilization.Percent:2.9|#Level:Host|#hostname:BOOK-IOJVF0CD47,timestamp:1764426246
2025-11-29T23:24:06,697 - MemoryAvailable.Megabytes:10731.0859375|#Level:Host|#hostname:BOOK-IOJVF0CD47,timestamp:1764426246
2025-11-29T23:24:06,697 - MemoryUsed.Megabytes:5013.12890625|#Level:Host|#hostname:BOOK-IOJVF0CD47,timestamp:1764426246
2025-11-29T23:24:06,697 - MemoryUtilization.Percent:31.8|#Level:Host|#hostname:BOOK-IOJVF0CD47,timestamp:1764426246
2025-11-29T23:25:06,696 - CPUUtilization.Percent:0.0|#Level:Host|#hostname:BOOK-IOJVF0CD47,timestamp:1764426306
2025-11-29T23:25:06,697 - DiskAvailable.Gigabytes:927.9453125|#Level:Host|#hostname:BOOK-IOJVF0CD47,timestamp:1764426306
2025-11-29T23:25:06,697 - DiskUsage.Gigabytes:27.692996978759766|#Level:Host|#hostname:BOOK-IOJVF0CD47,timestamp:1764426306
2025-11-29T23:25:06,697 - DiskUtilization.Percent:2.9|#Level:Host|#hostname:BOOK-IOJVF0CD47,timestamp:1764426306
2025-11-29T23:25:06,697 - MemoryAvailable.Megabytes:10721.16015625|#Level:Host|#hostname:BOOK-IOJVF0CD47,timestamp:1764426306
2025-11-29T23:25:06,697 - MemoryUsed.Megabytes:5023.0546875|#Level:Host|#hostname:BOOK-IOJVF0CD47,timestamp:1764426306
2025-11-29T23:25:06,697 - MemoryUtilization.Percent:31.9|#Level:Host|#hostname:BOOK-IOJVF0CD47,timestamp:1764426306
2025-11-29T23:26:06,695 - CPUUtilization.Percent:0.0|#Level:Host|#hostname:BOOK-IOJVF0CD47,timestamp:1764426366
2025-11-29T23:26:06,695 - DiskAvailable.Gigabytes:927.9452934265137|#Level:Host|#hostname:BOOK-IOJVF0CD47,timestamp:1764426366
2025-11-29T23:26:06,695 - DiskUsage.Gigabytes:27.693016052246094|#Level:Host|#hostname:BOOK-IOJVF0CD47,timestamp:1764426366
2025-11-29T23:26:06,695 - DiskUtilization.Percent:2.9|#Level:Host|#hostname:BOOK-IOJVF0CD47,timestamp:1764426366
2025-11-29T23:26:06,695 - MemoryAvailable.Megabytes:10726.16015625|#Level:Host|#hostname:BOOK-IOJVF0CD47,timestamp:1764426366
2025-11-29T23:26:06,695 - MemoryUsed.Megabytes:5018.0546875|#Level:Host|#hostname:BOOK-IOJVF0CD47,timestamp:1764426366
2025-11-29T23:26:06,695 - MemoryUtilization.Percent:31.9|#Level:Host|#hostname:BOOK-IOJVF0CD47,timestamp:1764426366
2025-11-29T23:27:06,697 - CPUUtilization.Percent:0.0|#Level:Host|#hostname:BOOK-IOJVF0CD47,timestamp:1764426426
2025-11-29T23:27:06,698 - DiskAvailable.Gigabytes:927.9452896118164|#Level:Host|#hostname:BOOK-IOJVF0CD47,timestamp:1764426426
2025-11-29T23:27:06,698 - DiskUsage.Gigabytes:27.69301986694336|#Level:Host|#hostname:BOOK-IOJVF0CD47,timestamp:1764426426
2025-11-29T23:27:06,698 - DiskUtilization.Percent:2.9|#Level:Host|#hostname:BOOK-IOJVF0CD47,timestamp:1764426426
2025-11-29T23:27:06,698 - MemoryAvailable.Megabytes:10719.15625|#Level:Host|#hostname:BOOK-IOJVF0CD47,timestamp:1764426426
2025-11-29T23:27:06,698 - MemoryUsed.Megabytes:5025.05859375|#Level:Host|#hostname:BOOK-IOJVF0CD47,timestamp:1764426426
2025-11-29T23:27:06,698 - MemoryUtilization.Percent:31.9|#Level:Host|#hostname:BOOK-IOJVF0CD47,timestamp:1764426426
2025-11-29T23:28:06,696 - CPUUtilization.Percent:50.0|#Level:Host|#hostname:BOOK-IOJVF0CD47,timestamp:1764426486
2025-11-29T23:28:06,697 - DiskAvailable.Gigabytes:927.9452819824219|#Level:Host|#hostname:BOOK-IOJVF0CD47,timestamp:1764426486
2025-11-29T23:28:06,697 - DiskUsage.Gigabytes:27.69302749633789|#Level:Host|#hostname:BOOK-IOJVF0CD47,timestamp:1764426486
2025-11-29T23:28:06,697 - DiskUtilization.Percent:2.9|#Level:Host|#hostname:BOOK-IOJVF0CD47,timestamp:1764426486
2025-11-29T23:28:06,697 - MemoryAvailable.Megabytes:10777.44921875|#Level:Host|#hostname:BOOK-IOJVF0CD47,timestamp:1764426486
2025-11-29T23:28:06,697 - MemoryUsed.Megabytes:4966.765625|#Level:Host|#hostname:BOOK-IOJVF0CD47,timestamp:1764426486
2025-11-29T23:28:06,697 - MemoryUtilization.Percent:31.5|#Level:Host|#hostname:BOOK-IOJVF0CD47,timestamp:1764426486
2025-11-29T23:29:06,697 - CPUUtilization.Percent:0.0|#Level:Host|#hostname:BOOK-IOJVF0CD47,timestamp:1764426546
2025-11-29T23:29:06,697 - DiskAvailable.Gigabytes:927.9452781677246|#Level:Host|#hostname:BOOK-IOJVF0CD47,timestamp:1764426546
2025-11-29T23:29:06,698 - DiskUsage.Gigabytes:27.693031311035156|#Level:Host|#hostname:BOOK-IOJVF0CD47,timestamp:1764426546
2025-11-29T23:29:06,698 - DiskUtilization.Percent:2.9|#Level:Host|#hostname:BOOK-IOJVF0CD47,timestamp:1764426546
2025-11-29T23:29:06,698 - MemoryAvailable.Megabytes:10778.421875|#Level:Host|#hostname:BOOK-IOJVF0CD47,timestamp:1764426546
2025-11-29T23:29:06,698 - MemoryUsed.Megabytes:4965.79296875|#Level:Host|#hostname:BOOK-IOJVF0CD47,timestamp:1764426546
2025-11-29T23:29:06,698 - MemoryUtilization.Percent:31.5|#Level:Host|#hostname:BOOK-IOJVF0CD47,timestamp:1764426546
2025-11-29T23:30:06,698 - CPUUtilization.Percent:0.0|#Level:Host|#hostname:BOOK-IOJVF0CD47,timestamp:1764426606
2025-11-29T23:30:06,698 - DiskAvailable.Gigabytes:927.9452934265137|#Level:Host|#hostname:BOOK-IOJVF0CD47,timestamp:1764426606
2025-11-29T23:30:06,698 - DiskUsage.Gigabytes:27.693016052246094|#Level:Host|#hostname:BOOK-IOJVF0CD47,timestamp:1764426606
2025-11-29T23:30:06,698 - DiskUtilization.Percent:2.9|#Level:Host|#hostname:BOOK-IOJVF0CD47,timestamp:1764426606
2025-11-29T23:30:06,698 - MemoryAvailable.Megabytes:10774.6484375|#Level:Host|#hostname:BOOK-IOJVF0CD47,timestamp:1764426606
2025-11-29T23:30:06,698 - MemoryUsed.Megabytes:4969.56640625|#Level:Host|#hostname:BOOK-IOJVF0CD47,timestamp:1764426606
2025-11-29T23:30:06,698 - MemoryUtilization.Percent:31.6|#Level:Host|#hostname:BOOK-IOJVF0CD47,timestamp:1764426606
2025-11-29T23:31:06,695 - CPUUtilization.Percent:0.0|#Level:Host|#hostname:BOOK-IOJVF0CD47,timestamp:1764426666
2025-11-29T23:31:06,695 - DiskAvailable.Gigabytes:927.9452896118164|#Level:Host|#hostname:BOOK-IOJVF0CD47,timestamp:1764426666
2025-11-29T23:31:06,696 - DiskUsage.Gigabytes:27.69301986694336|#Level:Host|#hostname:BOOK-IOJVF0CD47,timestamp:1764426666
2025-11-29T23:31:06,696 - DiskUtilization.Percent:2.9|#Level:Host|#hostname:BOOK-IOJVF0CD47,timestamp:1764426666
2025-11-29T23:31:06,696 - MemoryAvailable.Megabytes:10778.3125|#Level:Host|#hostname:BOOK-IOJVF0CD47,timestamp:1764426666
2025-11-29T23:31:06,696 - MemoryUsed.Megabytes:4965.90234375|#Level:Host|#hostname:BOOK-IOJVF0CD47,timestamp:1764426666
2025-11-29T23:31:06,696 - MemoryUtilization.Percent:31.5|#Level:Host|#hostname:BOOK-IOJVF0CD47,timestamp:1764426666
2025-11-29T23:32:06,698 - CPUUtilization.Percent:0.0|#Level:Host|#hostname:BOOK-IOJVF0CD47,timestamp:1764426726
2025-11-29T23:32:06,698 - DiskAvailable.Gigabytes:927.9452819824219|#Level:Host|#hostname:BOOK-IOJVF0CD47,timestamp:1764426726
2025-11-29T23:32:06,699 - DiskUsage.Gigabytes:27.69302749633789|#Level:Host|#hostname:BOOK-IOJVF0CD47,timestamp:1764426726
2025-11-29T23:32:06,699 - DiskUtilization.Percent:2.9|#Level:Host|#hostname:BOOK-IOJVF0CD47,timestamp:1764426726
2025-11-29T23:32:06,699 - MemoryAvailable.Megabytes:10763.6640625|#Level:Host|#hostname:BOOK-IOJVF0CD47,timestamp:1764426726
2025-11-29T23:32:06,699 - MemoryUsed.Megabytes:4980.55078125|#Level:Host|#hostname:BOOK-IOJVF0CD47,timestamp:1764426726
2025-11-29T23:32:06,699 - MemoryUtilization.Percent:31.6|#Level:Host|#hostname:BOOK-IOJVF0CD47,timestamp:1764426726
2025-11-29T23:33:06,697 - CPUUtilization.Percent:0.0|#Level:Host|#hostname:BOOK-IOJVF0CD47,timestamp:1764426786
2025-11-29T23:33:06,697 - DiskAvailable.Gigabytes:927.9452590942383|#Level:Host|#hostname:BOOK-IOJVF0CD47,timestamp:1764426786
2025-11-29T23:33:06,697 - DiskUsage.Gigabytes:27.693050384521484|#Level:Host|#hostname:BOOK-IOJVF0CD47,timestamp:1764426786
2025-11-29T23:33:06,698 - DiskUtilization.Percent:2.9|#Level:Host|#hostname:BOOK-IOJVF0CD47,timestamp:1764426786
2025-11-29T23:33:06,698 - MemoryAvailable.Megabytes:10757.78125|#Level:Host|#hostname:BOOK-IOJVF0CD47,timestamp:1764426786
2025-11-29T23:33:06,698 - MemoryUsed.Megabytes:4986.43359375|#Level:Host|#hostname:BOOK-IOJVF0CD47,timestamp:1764426786
2025-11-29T23:33:06,698 - MemoryUtilization.Percent:31.7|#Level:Host|#hostname:BOOK-IOJVF0CD47,timestamp:1764426786
2025-11-29T23:34:06,698 - CPUUtilization.Percent:0.0|#Level:Host|#hostname:BOOK-IOJVF0CD47,timestamp:1764426846
2025-11-29T23:34:06,698 - DiskAvailable.Gigabytes:927.945255279541|#Level:Host|#hostname:BOOK-IOJVF0CD47,timestamp:1764426846
2025-11-29T23:34:06,698 - DiskUsage.Gigabytes:27.69305419921875|#Level:Host|#hostname:BOOK-IOJVF0CD47,timestamp:1764426846
2025-11-29T23:34:06,698 - DiskUtilization.Percent:2.9|#Level:Host|#hostname:BOOK-IOJVF0CD47,timestamp:1764426846
2025-11-29T23:34:06,698 - MemoryAvailable.Megabytes:10714.546875|#Level:Host|#hostname:BOOK-IOJVF0CD47,timestamp:1764426846
2025-11-29T23:34:06,698 - MemoryUsed.Megabytes:5029.66796875|#Level:Host|#hostname:BOOK-IOJVF0CD47,timestamp:1764426846
2025-11-29T23:34:06,698 - MemoryUtilization.Percent:31.9|#Level:Host|#hostname:BOOK-IOJVF0CD47,timestamp:1764426846
2025-11-29T23:35:06,695 - CPUUtilization.Percent:0.0|#Level:Host|#hostname:BOOK-IOJVF0CD47,timestamp:1764426906
2025-11-29T23:35:06,695 - DiskAvailable.Gigabytes:927.945198059082|#Level:Host|#hostname:BOOK-IOJVF0CD47,timestamp:1764426906
2025-11-29T23:35:06,695 - DiskUsage.Gigabytes:27.693111419677734|#Level:Host|#hostname:BOOK-IOJVF0CD47,timestamp:1764426906
2025-11-29T23:35:06,695 - DiskUtilization.Percent:2.9|#Level:Host|#hostname:BOOK-IOJVF0CD47,timestamp:1764426906
2025-11-29T23:35:06,695 - MemoryAvailable.Megabytes:10689.60546875|#Level:Host|#hostname:BOOK-IOJVF0CD47,timestamp:1764426906
2025-11-29T23:35:06,695 - MemoryUsed.Megabytes:5054.609375|#Level:Host|#hostname:BOOK-IOJVF0CD47,timestamp:1764426906
2025-11-29T23:35:06,696 - MemoryUtilization.Percent:32.1|#Level:Host|#hostname:BOOK-IOJVF0CD47,timestamp:1764426906
2025-11-29T23:36:06,695 - CPUUtilization.Percent:0.0|#Level:Host|#hostname:BOOK-IOJVF0CD47,timestamp:1764426966
2025-11-29T23:36:06,696 - DiskAvailable.Gigabytes:927.9451942443848|#Level:Host|#hostname:BOOK-IOJVF0CD47,timestamp:1764426966
2025-11-29T23:36:06,696 - DiskUsage.Gigabytes:27.693115234375|#Level:Host|#hostname:BOOK-IOJVF0CD47,timestamp:1764426966
2025-11-29T23:36:06,696 - DiskUtilization.Percent:2.9|#Level:Host|#hostname:BOOK-IOJVF0CD47,timestamp:1764426966
2025-11-29T23:36:06,696 - MemoryAvailable.Megabytes:10678.015625|#Level:Host|#hostname:BOOK-IOJVF0CD47,timestamp:1764426966
2025-11-29T23:36:06,696 - MemoryUsed.Megabytes:5066.19921875|#Level:Host|#hostname:BOOK-IOJVF0CD47,timestamp:1764426966
2025-11-29T23:36:06,696 - MemoryUtilization.Percent:32.2|#Level:Host|#hostname:BOOK-IOJVF0CD47,timestamp:1764426966
2025-11-29T23:37:06,695 - CPUUtilization.Percent:0.0|#Level:Host|#hostname:BOOK-IOJVF0CD47,timestamp:1764427026
2025-11-29T23:37:06,695 - DiskAvailable.Gigabytes:927.9451942443848|#Level:Host|#hostname:BOOK-IOJVF0CD47,timestamp:1764427026
2025-11-29T23:37:06,695 - DiskUsage.Gigabytes:27.693115234375|#Level:Host|#hostname:BOOK-IOJVF0CD47,timestamp:1764427026
2025-11-29T23:37:06,695 - DiskUtilization.Percent:2.9|#Level:Host|#hostname:BOOK-IOJVF0CD47,timestamp:1764427026
2025-11-29T23:37:06,695 - MemoryAvailable.Megabytes:10674.76953125|#Level:Host|#hostname:BOOK-IOJVF0CD47,timestamp:1764427026
2025-11-29T23:37:06,696 - MemoryUsed.Megabytes:5069.4453125|#Level:Host|#hostname:BOOK-IOJVF0CD47,timestamp:1764427026
2025-11-29T23:37:06,696 - MemoryUtilization.Percent:32.2|#Level:Host|#hostname:BOOK-IOJVF0CD47,timestamp:1764427026
2025-11-29T23:38:06,695 - CPUUtilization.Percent:0.0|#Level:Host|#hostname:BOOK-IOJVF0CD47,timestamp:1764427086
2025-11-29T23:38:06,695 - DiskAvailable.Gigabytes:927.9451904296875|#Level:Host|#hostname:BOOK-IOJVF0CD47,timestamp:1764427086
2025-11-29T23:38:06,695 - DiskUsage.Gigabytes:27.693119049072266|#Level:Host|#hostname:BOOK-IOJVF0CD47,timestamp:1764427086
2025-11-29T23:38:06,695 - DiskUtilization.Percent:2.9|#Level:Host|#hostname:BOOK-IOJVF0CD47,timestamp:1764427086
2025-11-29T23:38:06,695 - MemoryAvailable.Megabytes:10682.76171875|#Level:Host|#hostname:BOOK-IOJVF0CD47,timestamp:1764427086
2025-11-29T23:38:06,695 - MemoryUsed.Megabytes:5061.453125|#Level:Host|#hostname:BOOK-IOJVF0CD47,timestamp:1764427086
2025-11-29T23:38:06,695 - MemoryUtilization.Percent:32.1|#Level:Host|#hostname:BOOK-IOJVF0CD47,timestamp:1764427086
2025-11-29T23:39:06,698 - CPUUtilization.Percent:0.0|#Level:Host|#hostname:BOOK-IOJVF0CD47,timestamp:1764427146
2025-11-29T23:39:06,698 - DiskAvailable.Gigabytes:927.9451866149902|#Level:Host|#hostname:BOOK-IOJVF0CD47,timestamp:1764427146
2025-11-29T23:39:06,698 - DiskUsage.Gigabytes:27.69312286376953|#Level:Host|#hostname:BOOK-IOJVF0CD47,timestamp:1764427146
2025-11-29T23:39:06,699 - DiskUtilization.Percent:2.9|#Level:Host|#hostname:BOOK-IOJVF0CD47,timestamp:1764427146
2025-11-29T23:39:06,699 - MemoryAvailable.Megabytes:10686.546875|#Level:Host|#hostname:BOOK-IOJVF0CD47,timestamp:1764427146
2025-11-29T23:39:06,699 - MemoryUsed.Megabytes:5057.66796875|#Level:Host|#hostname:BOOK-IOJVF0CD47,timestamp:1764427146
2025-11-29T23:39:06,699 - MemoryUtilization.Percent:32.1|#Level:Host|#hostname:BOOK-IOJVF0CD47,timestamp:1764427146
2025-11-29T23:40:06,696 - CPUUtilization.Percent:0.0|#Level:Host|#hostname:BOOK-IOJVF0CD47,timestamp:1764427206
2025-11-29T23:40:06,697 - DiskAvailable.Gigabytes:927.9451751708984|#Level:Host|#hostname:BOOK-IOJVF0CD47,timestamp:1764427206
2025-11-29T23:40:06,697 - DiskUsage.Gigabytes:27.693134307861328|#Level:Host|#hostname:BOOK-IOJVF0CD47,timestamp:1764427206
2025-11-29T23:40:06,697 - DiskUtilization.Percent:2.9|#Level:Host|#hostname:BOOK-IOJVF0CD47,timestamp:1764427206
2025-11-29T23:40:06,697 - MemoryAvailable.Megabytes:10684.95703125|#Level:Host|#hostname:BOOK-IOJVF0CD47,timestamp:1764427206
2025-11-29T23:40:06,697 - MemoryUsed.Megabytes:5059.2578125|#Level:Host|#hostname:BOOK-IOJVF0CD47,timestamp:1764427206
2025-11-29T23:40:06,697 - MemoryUtilization.Percent:32.1|#Level:Host|#hostname:BOOK-IOJVF0CD47,timestamp:1764427206
2025-11-29T23:41:06,700 - CPUUtilization.Percent:0.0|#Level:Host|#hostname:BOOK-IOJVF0CD47,timestamp:1764427266
2025-11-29T23:41:06,700 - DiskAvailable.Gigabytes:927.9451751708984|#Level:Host|#hostname:BOOK-IOJVF0CD47,timestamp:1764427266
2025-11-29T23:41:06,700 - DiskUsage.Gigabytes:27.693134307861328|#Level:Host|#hostname:BOOK-IOJVF0CD47,timestamp:1764427266
2025-11-29T23:41:06,700 - DiskUtilization.Percent:2.9|#Level:Host|#hostname:BOOK-IOJVF0CD47,timestamp:1764427266
2025-11-29T23:41:06,700 - MemoryAvailable.Megabytes:11467.03515625|#Level:Host|#hostname:BOOK-IOJVF0CD47,timestamp:1764427266
2025-11-29T23:41:06,700 - MemoryUsed.Megabytes:4277.1796875|#Level:Host|#hostname:BOOK-IOJVF0CD47,timestamp:1764427266
2025-11-29T23:41:06,700 - MemoryUtilization.Percent:27.2|#Level:Host|#hostname:BOOK-IOJVF0CD47,timestamp:1764427266
2025-11-29T23:47:01,645 - CPUUtilization.Percent:100.0|#Level:Host|#hostname:BOOK-IOJVF0CD47,timestamp:1764427621
2025-11-29T23:47:01,646 - DiskAvailable.Gigabytes:927.9447021484375|#Level:Host|#hostname:BOOK-IOJVF0CD47,timestamp:1764427621
2025-11-29T23:47:01,646 - DiskUsage.Gigabytes:27.693607330322266|#Level:Host|#hostname:BOOK-IOJVF0CD47,timestamp:1764427621
2025-11-29T23:47:01,646 - DiskUtilization.Percent:2.9|#Level:Host|#hostname:BOOK-IOJVF0CD47,timestamp:1764427621
2025-11-29T23:47:01,647 - MemoryAvailable.Megabytes:11064.828125|#Level:Host|#hostname:BOOK-IOJVF0CD47,timestamp:1764427621
2025-11-29T23:47:01,647 - MemoryUsed.Megabytes:4679.38671875|#Level:Host|#hostname:BOOK-IOJVF0CD47,timestamp:1764427621
2025-11-29T23:47:01,648 - MemoryUtilization.Percent:29.7|#Level:Host|#hostname:BOOK-IOJVF0CD47,timestamp:1764427621
2025-11-29T23:47:01,659 - Requests4XX.Count:1.0|#Level:Host|#hostname:BOOK-IOJVF0CD47,timestamp:1764427621
2025-11-29T23:47:01,726 - Requests4XX.Count:1.0|#Level:Host|#hostname:BOOK-IOJVF0CD47,timestamp:1764427621
2025-11-29T23:47:02,508 - WorkerLoadTime.Milliseconds:1420.0|#WorkerName:W-9000-wine_l1_1.0,Level:Host|#hostname:BOOK-IOJVF0CD47,timestamp:1764427622
2025-11-29T23:47:02,509 - WorkerThreadTime.Milliseconds:6.0|#Level:Host|#hostname:BOOK-IOJVF0CD47,timestamp:1764427622
2025-11-29T23:47:02,524 - WorkerLoadTime.Milliseconds:1434.0|#WorkerName:W-9001-wine_l1_1.0,Level:Host|#hostname:BOOK-IOJVF0CD47,timestamp:1764427622
2025-11-29T23:47:02,524 - WorkerLoadTime.Milliseconds:1425.0|#WorkerName:W-9002-wine_l2_1.0,Level:Host|#hostname:BOOK-IOJVF0CD47,timestamp:1764427622
2025-11-29T23:47:02,524 - WorkerThreadTime.Milliseconds:28.0|#Level:Host|#hostname:BOOK-IOJVF0CD47,timestamp:1764427622
2025-11-29T23:47:02,525 - WorkerThreadTime.Milliseconds:7.0|#Level:Host|#hostname:BOOK-IOJVF0CD47,timestamp:1764427622
2025-11-29T23:47:02,527 - WorkerLoadTime.Milliseconds:1427.0|#WorkerName:W-9003-wine_l2_1.0,Level:Host|#hostname:BOOK-IOJVF0CD47,timestamp:1764427622
2025-11-29T23:47:02,528 - WorkerThreadTime.Milliseconds:3.0|#Level:Host|#hostname:BOOK-IOJVF0CD47,timestamp:1764427622
2025-11-29T23:47:15,619 - Requests2XX.Count:1.0|#Level:Host|#hostname:BOOK-IOJVF0CD47,timestamp:1764427635
2025-11-29T23:47:18,339 - ts_inference_requests_total.Count:1.0|#model_name:wine_l1,model_version:default|#hostname:BOOK-IOJVF0CD47,timestamp:1764427638
2025-11-29T23:47:18,345 - Requests2XX.Count:1.0|#Level:Host|#hostname:BOOK-IOJVF0CD47,timestamp:1764427638
2025-11-29T23:47:18,345 - ts_inference_latency_microseconds.Microseconds:4290.176|#model_name:wine_l1,model_version:default|#hostname:BOOK-IOJVF0CD47,timestamp:1764427638
2025-11-29T23:47:18,345 - ts_queue_latency_microseconds.Microseconds:259.625|#model_name:wine_l1,model_version:default|#hostname:BOOK-IOJVF0CD47,timestamp:1764427638
2025-11-29T23:47:18,345 - QueueTime.Milliseconds:0.0|#Level:Host|#hostname:BOOK-IOJVF0CD47,timestamp:1764427638
2025-11-29T23:47:18,346 - WorkerThreadTime.Milliseconds:2.0|#Level:Host|#hostname:BOOK-IOJVF0CD47,timestamp:1764427638
2025-11-29T23:47:21,175 - Requests4XX.Count:1.0|#Level:Host|#hostname:BOOK-IOJVF0CD47,timestamp:1764427641
2025-11-29T23:47:21,222 - Requests4XX.Count:1.0|#Level:Host|#hostname:BOOK-IOJVF0CD47,timestamp:1764427641
2025-11-29T23:48:01,489 - CPUUtilization.Percent:50.0|#Level:Host|#hostname:BOOK-IOJVF0CD47,timestamp:1764427681
2025-11-29T23:48:01,489 - DiskAvailable.Gigabytes:927.9446220397949|#Level:Host|#hostname:BOOK-IOJVF0CD47,timestamp:1764427681
2025-11-29T23:48:01,489 - DiskUsage.Gigabytes:27.693687438964844|#Level:Host|#hostname:BOOK-IOJVF0CD47,timestamp:1764427681
2025-11-29T23:48:01,489 - DiskUtilization.Percent:2.9|#Level:Host|#hostname:BOOK-IOJVF0CD47,timestamp:1764427681
2025-11-29T23:48:01,489 - MemoryAvailable.Megabytes:10560.015625|#Level:Host|#hostname:BOOK-IOJVF0CD47,timestamp:1764427681
2025-11-29T23:48:01,489 - MemoryUsed.Megabytes:5184.19921875|#Level:Host|#hostname:BOOK-IOJVF0CD47,timestamp:1764427681
2025-11-29T23:48:01,490 - MemoryUtilization.Percent:32.9|#Level:Host|#hostname:BOOK-IOJVF0CD47,timestamp:1764427681
2025-11-29T23:48:44,818 - Requests2XX.Count:1.0|#Level:Host|#hostname:BOOK-IOJVF0CD47,timestamp:1764427724
2025-11-29T23:48:44,858 - ts_inference_requests_total.Count:1.0|#model_name:wine_l1,model_version:default|#hostname:BOOK-IOJVF0CD47,timestamp:1764427724
2025-11-29T23:48:44,865 - Requests2XX.Count:1.0|#Level:Host|#hostname:BOOK-IOJVF0CD47,timestamp:1764427724
2025-11-29T23:48:44,865 - ts_inference_latency_microseconds.Microseconds:6223.568|#model_name:wine_l1,model_version:default|#hostname:BOOK-IOJVF0CD47,timestamp:1764427724
2025-11-29T23:48:44,866 - ts_queue_latency_microseconds.Microseconds:267.991|#model_name:wine_l1,model_version:default|#hostname:BOOK-IOJVF0CD47,timestamp:1764427724
2025-11-29T23:48:44,866 - QueueTime.Milliseconds:0.0|#Level:Host|#hostname:BOOK-IOJVF0CD47,timestamp:1764427724
2025-11-29T23:48:44,866 - WorkerThreadTime.Milliseconds:2.0|#Level:Host|#hostname:BOOK-IOJVF0CD47,timestamp:1764427724
2025-11-29T23:48:44,894 - ts_inference_requests_total.Count:1.0|#model_name:wine_l2,model_version:default|#hostname:BOOK-IOJVF0CD47,timestamp:1764427724
2025-11-29T23:48:44,905 - Requests2XX.Count:1.0|#Level:Host|#hostname:BOOK-IOJVF0CD47,timestamp:1764427724
2025-11-29T23:48:44,906 - ts_inference_latency_microseconds.Microseconds:6500.867|#model_name:wine_l2,model_version:default|#hostname:BOOK-IOJVF0CD47,timestamp:1764427724
2025-11-29T23:48:44,906 - ts_queue_latency_microseconds.Microseconds:292.944|#model_name:wine_l2,model_version:default|#hostname:BOOK-IOJVF0CD47,timestamp:1764427724
2025-11-29T23:48:44,906 - QueueTime.Milliseconds:0.0|#Level:Host|#hostname:BOOK-IOJVF0CD47,timestamp:1764427724
2025-11-29T23:48:44,906 - WorkerThreadTime.Milliseconds:2.0|#Level:Host|#hostname:BOOK-IOJVF0CD47,timestamp:1764427724
2025-11-29T23:49:01,486 - CPUUtilization.Percent:0.0|#Level:Host|#hostname:BOOK-IOJVF0CD47,timestamp:1764427741
2025-11-29T23:49:01,487 - DiskAvailable.Gigabytes:927.9444160461426|#Level:Host|#hostname:BOOK-IOJVF0CD47,timestamp:1764427741
2025-11-29T23:49:01,487 - DiskUsage.Gigabytes:27.693893432617188|#Level:Host|#hostname:BOOK-IOJVF0CD47,timestamp:1764427741
2025-11-29T23:49:01,487 - DiskUtilization.Percent:2.9|#Level:Host|#hostname:BOOK-IOJVF0CD47,timestamp:1764427741
2025-11-29T23:49:01,487 - MemoryAvailable.Megabytes:10531.34765625|#Level:Host|#hostname:BOOK-IOJVF0CD47,timestamp:1764427741
2025-11-29T23:49:01,487 - MemoryUsed.Megabytes:5212.8671875|#Level:Host|#hostname:BOOK-IOJVF0CD47,timestamp:1764427741
2025-11-29T23:49:01,487 - MemoryUtilization.Percent:33.1|#Level:Host|#hostname:BOOK-IOJVF0CD47,timestamp:1764427741
2025-11-29T23:50:01,488 - CPUUtilization.Percent:0.0|#Level:Host|#hostname:BOOK-IOJVF0CD47,timestamp:1764427801
2025-11-29T23:50:01,489 - DiskAvailable.Gigabytes:927.9443817138672|#Level:Host|#hostname:BOOK-IOJVF0CD47,timestamp:1764427801
2025-11-29T23:50:01,489 - DiskUsage.Gigabytes:27.693927764892578|#Level:Host|#hostname:BOOK-IOJVF0CD47,timestamp:1764427801
2025-11-29T23:50:01,489 - DiskUtilization.Percent:2.9|#Level:Host|#hostname:BOOK-IOJVF0CD47,timestamp:1764427801
2025-11-29T23:50:01,489 - MemoryAvailable.Megabytes:10520.20703125|#Level:Host|#hostname:BOOK-IOJVF0CD47,timestamp:1764427801
2025-11-29T23:50:01,490 - MemoryUsed.Megabytes:5224.0078125|#Level:Host|#hostname:BOOK-IOJVF0CD47,timestamp:1764427801
2025-11-29T23:50:01,490 - MemoryUtilization.Percent:33.2|#Level:Host|#hostname:BOOK-IOJVF0CD47,timestamp:1764427801
2025-11-29T23:51:01,495 - CPUUtilization.Percent:0.0|#Level:Host|#hostname:BOOK-IOJVF0CD47,timestamp:1764427861
2025-11-29T23:51:01,495 - DiskAvailable.Gigabytes:927.9442939758301|#Level:Host|#hostname:BOOK-IOJVF0CD47,timestamp:1764427861
2025-11-29T23:51:01,495 - DiskUsage.Gigabytes:27.694015502929688|#Level:Host|#hostname:BOOK-IOJVF0CD47,timestamp:1764427861
2025-11-29T23:51:01,495 - DiskUtilization.Percent:2.9|#Level:Host|#hostname:BOOK-IOJVF0CD47,timestamp:1764427861
2025-11-29T23:51:01,495 - MemoryAvailable.Megabytes:10466.6015625|#Level:Host|#hostname:BOOK-IOJVF0CD47,timestamp:1764427861
2025-11-29T23:51:01,495 - MemoryUsed.Megabytes:5277.61328125|#Level:Host|#hostname:BOOK-IOJVF0CD47,timestamp:1764427861
2025-11-29T23:51:01,495 - MemoryUtilization.Percent:33.5|#Level:Host|#hostname:BOOK-IOJVF0CD47,timestamp:1764427861
2025-11-29T23:52:01,487 - CPUUtilization.Percent:0.0|#Level:Host|#hostname:BOOK-IOJVF0CD47,timestamp:1764427921
2025-11-29T23:52:01,487 - DiskAvailable.Gigabytes:927.9443473815918|#Level:Host|#hostname:BOOK-IOJVF0CD47,timestamp:1764427921
2025-11-29T23:52:01,487 - DiskUsage.Gigabytes:27.69396209716797|#Level:Host|#hostname:BOOK-IOJVF0CD47,timestamp:1764427921
2025-11-29T23:52:01,487 - DiskUtilization.Percent:2.9|#Level:Host|#hostname:BOOK-IOJVF0CD47,timestamp:1764427921
2025-11-29T23:52:01,487 - MemoryAvailable.Megabytes:10443.44921875|#Level:Host|#hostname:BOOK-IOJVF0CD47,timestamp:1764427921
2025-11-29T23:52:01,487 - MemoryUsed.Megabytes:5300.765625|#Level:Host|#hostname:BOOK-IOJVF0CD47,timestamp:1764427921
2025-11-29T23:52:01,487 - MemoryUtilization.Percent:33.7|#Level:Host|#hostname:BOOK-IOJVF0CD47,timestamp:1764427921
2025-11-29T23:53:01,488 - CPUUtilization.Percent:0.0|#Level:Host|#hostname:BOOK-IOJVF0CD47,timestamp:1764427981
2025-11-29T23:53:01,488 - DiskAvailable.Gigabytes:927.9443778991699|#Level:Host|#hostname:BOOK-IOJVF0CD47,timestamp:1764427981
2025-11-29T23:53:01,488 - DiskUsage.Gigabytes:27.693931579589844|#Level:Host|#hostname:BOOK-IOJVF0CD47,timestamp:1764427981
2025-11-29T23:53:01,488 - DiskUtilization.Percent:2.9|#Level:Host|#hostname:BOOK-IOJVF0CD47,timestamp:1764427981
2025-11-29T23:53:01,488 - MemoryAvailable.Megabytes:10444.4921875|#Level:Host|#hostname:BOOK-IOJVF0CD47,timestamp:1764427981
2025-11-29T23:53:01,488 - MemoryUsed.Megabytes:5299.72265625|#Level:Host|#hostname:BOOK-IOJVF0CD47,timestamp:1764427981
2025-11-29T23:53:01,488 - MemoryUtilization.Percent:33.7|#Level:Host|#hostname:BOOK-IOJVF0CD47,timestamp:1764427981
2025-11-29T23:54:01,489 - CPUUtilization.Percent:33.3|#Level:Host|#hostname:BOOK-IOJVF0CD47,timestamp:1764428041
2025-11-29T23:54:01,490 - DiskAvailable.Gigabytes:927.9444808959961|#Level:Host|#hostname:BOOK-IOJVF0CD47,timestamp:1764428041
2025-11-29T23:54:01,490 - DiskUsage.Gigabytes:27.693828582763672|#Level:Host|#hostname:BOOK-IOJVF0CD47,timestamp:1764428041
2025-11-29T23:54:01,490 - DiskUtilization.Percent:2.9|#Level:Host|#hostname:BOOK-IOJVF0CD47,timestamp:1764428041
2025-11-29T23:54:01,491 - MemoryAvailable.Megabytes:10504.0|#Level:Host|#hostname:BOOK-IOJVF0CD47,timestamp:1764428041
2025-11-29T23:54:01,491 - MemoryUsed.Megabytes:5240.21484375|#Level:Host|#hostname:BOOK-IOJVF0CD47,timestamp:1764428041
2025-11-29T23:54:01,491 - MemoryUtilization.Percent:33.3|#Level:Host|#hostname:BOOK-IOJVF0CD47,timestamp:1764428041
2025-11-29T23:57:08,140 - CPUUtilization.Percent:50.0|#Level:Host|#hostname:BOOK-IOJVF0CD47,timestamp:1764428228
2025-11-29T23:57:08,143 - DiskAvailable.Gigabytes:927.9444427490234|#Level:Host|#hostname:BOOK-IOJVF0CD47,timestamp:1764428228
2025-11-29T23:57:08,144 - DiskUsage.Gigabytes:27.693866729736328|#Level:Host|#hostname:BOOK-IOJVF0CD47,timestamp:1764428228
2025-11-29T23:57:08,145 - DiskUtilization.Percent:2.9|#Level:Host|#hostname:BOOK-IOJVF0CD47,timestamp:1764428228
2025-11-29T23:57:08,145 - MemoryAvailable.Megabytes:11149.984375|#Level:Host|#hostname:BOOK-IOJVF0CD47,timestamp:1764428228
2025-11-29T23:57:08,145 - MemoryUsed.Megabytes:4594.23046875|#Level:Host|#hostname:BOOK-IOJVF0CD47,timestamp:1764428228
2025-11-29T23:57:08,145 - MemoryUtilization.Percent:29.2|#Level:Host|#hostname:BOOK-IOJVF0CD47,timestamp:1764428228
2025-11-29T23:57:08,937 - WorkerLoadTime.Milliseconds:1241.0|#WorkerName:W-9003-wine_l2_1.0,Level:Host|#hostname:BOOK-IOJVF0CD47,timestamp:1764428228
2025-11-29T23:57:08,938 - WorkerThreadTime.Milliseconds:6.0|#Level:Host|#hostname:BOOK-IOJVF0CD47,timestamp:1764428228
2025-11-29T23:57:08,937 - WorkerLoadTime.Milliseconds:1262.0|#WorkerName:W-9000-wine_l1_1.0,Level:Host|#hostname:BOOK-IOJVF0CD47,timestamp:1764428228
2025-11-29T23:57:08,938 - WorkerLoadTime.Milliseconds:1262.0|#WorkerName:W-9001-wine_l1_1.0,Level:Host|#hostname:BOOK-IOJVF0CD47,timestamp:1764428228
2025-11-29T23:57:08,938 - WorkerThreadTime.Milliseconds:5.0|#Level:Host|#hostname:BOOK-IOJVF0CD47,timestamp:1764428228
2025-11-29T23:57:08,939 - WorkerThreadTime.Milliseconds:5.0|#Level:Host|#hostname:BOOK-IOJVF0CD47,timestamp:1764428228
2025-11-29T23:57:08,940 - WorkerLoadTime.Milliseconds:1244.0|#WorkerName:W-9002-wine_l2_1.0,Level:Host|#hostname:BOOK-IOJVF0CD47,timestamp:1764428228
2025-11-29T23:57:08,940 - WorkerThreadTime.Milliseconds:1.0|#Level:Host|#hostname:BOOK-IOJVF0CD47,timestamp:1764428228
2025-11-29T23:57:09,501 - Requests4XX.Count:1.0|#Level:Host|#hostname:BOOK-IOJVF0CD47,timestamp:1764428229
2025-11-29T23:57:09,536 - Requests4XX.Count:1.0|#Level:Host|#hostname:BOOK-IOJVF0CD47,timestamp:1764428229
2025-11-29T23:58:08,066 - CPUUtilization.Percent:0.0|#Level:Host|#hostname:BOOK-IOJVF0CD47,timestamp:1764428288
2025-11-29T23:58:08,067 - DiskAvailable.Gigabytes:927.9443740844727|#Level:Host|#hostname:BOOK-IOJVF0CD47,timestamp:1764428288
2025-11-29T23:58:08,067 - DiskUsage.Gigabytes:27.69393539428711|#Level:Host|#hostname:BOOK-IOJVF0CD47,timestamp:1764428288
2025-11-29T23:58:08,068 - DiskUtilization.Percent:2.9|#Level:Host|#hostname:BOOK-IOJVF0CD47,timestamp:1764428288
2025-11-29T23:58:08,068 - MemoryAvailable.Megabytes:10789.328125|#Level:Host|#hostname:BOOK-IOJVF0CD47,timestamp:1764428288
2025-11-29T23:58:08,068 - MemoryUsed.Megabytes:4954.88671875|#Level:Host|#hostname:BOOK-IOJVF0CD47,timestamp:1764428288
2025-11-29T23:58:08,068 - MemoryUtilization.Percent:31.5|#Level:Host|#hostname:BOOK-IOJVF0CD47,timestamp:1764428288
2025-11-29T23:59:08,065 - CPUUtilization.Percent:33.3|#Level:Host|#hostname:BOOK-IOJVF0CD47,timestamp:1764428348
2025-11-29T23:59:08,065 - DiskAvailable.Gigabytes:927.9443702697754|#Level:Host|#hostname:BOOK-IOJVF0CD47,timestamp:1764428348
2025-11-29T23:59:08,065 - DiskUsage.Gigabytes:27.693939208984375|#Level:Host|#hostname:BOOK-IOJVF0CD47,timestamp:1764428348
2025-11-29T23:59:08,065 - DiskUtilization.Percent:2.9|#Level:Host|#hostname:BOOK-IOJVF0CD47,timestamp:1764428348
2025-11-29T23:59:08,065 - MemoryAvailable.Megabytes:10790.62890625|#Level:Host|#hostname:BOOK-IOJVF0CD47,timestamp:1764428348
2025-11-29T23:59:08,066 - MemoryUsed.Megabytes:4953.5859375|#Level:Host|#hostname:BOOK-IOJVF0CD47,timestamp:1764428348
2025-11-29T23:59:08,066 - MemoryUtilization.Percent:31.5|#Level:Host|#hostname:BOOK-IOJVF0CD47,timestamp:1764428348
